Starting AssetCooker...
XLP cook starting...
D:\Civ6Mod\gitproject\Unearthed\Unearthed\XLPs\UI_Icons_Unearthed.xlp
Opened output file: C:\Users\User\Documents\My Games\Sid Meier's Civilization VI\Mods\Unearthed\Platforms\MacOS\BLPs/UI/UI_Icons_Unearthed.blp    For XLP: 'D:\Civ6Mod\gitproject\Unearthed\Unearthed\XLPs\UI_Icons_Unearthed.xlp'
Could not load digest key: ''.  Using mod key to sign BLP.
Starting 'UI/UI_Icons_Unearthed'
Loading error asset: (UIErrorTexture)
Replacing asset: (UNE_GreatWorks45_Relics) in entry (UNE_GreatWorks45_Relics) with error asset
Replacing asset: (UNE_GreatWorks64_Relics) in entry (UNE_GreatWorks64_Relics) with error asset
Replacing asset: (UNE_GreatWorks256_Relics) in entry (UNE_GreatWorks256_Relics) with error asset
The following 3 entities had errors:
Textures: 3
    UNE_GreatWorks45_Relics
    UNE_GreatWorks64_Relics
    UNE_GreatWorks256_Relics

****** Log from Texture: 'UNE_GreatWorks45_Relics' (ERRORS!!) ********
--------------
I/O error reading XML: D:\Civ6Mod\gitproject\Unearthed\Unearthed/Textures/UNE_GreatWorks45_Relics.tex

****** Log from Texture: 'UNE_GreatWorks64_Relics' (ERRORS!!) ********
--------------
I/O error reading XML: D:\Civ6Mod\gitproject\Unearthed\Unearthed/Textures/UNE_GreatWorks64_Relics.tex

****** Log from Texture: 'UNE_GreatWorks256_Relics' (ERRORS!!) ********
--------------
I/O error reading XML: D:\Civ6Mod\gitproject\Unearthed\Unearthed/Textures/UNE_GreatWorks256_Relics.tex
Load finished for: 'UI/UI_Icons_Unearthed' in 0.336 seconds
Cook finished for: 'UI/UI_Icons_Unearthed' in 0.992 seconds
Disk write finished for: 'UI/UI_Icons_Unearthed' in 0.162 seconds
Cleanup finished for: 'UI/UI_Icons_Unearthed' in 0.006 seconds
XLP cook completed with success.
Cook completed in 3.104 seconds